app/build/intermediates/manifest_merge_blame_file/release/processReleaseMainManifest/manifest-merger-blame-release-report.txt
1<?xml version="1.0" encoding="utf-8"?>
2<!--
3    Copyright 2019 Google Inc. All Rights Reserved.
4
5     Licensed under the Apache License, Version 2.0 (the "License");
6     you may not use this file except in compliance with the License.
7     You may obtain a copy of the License at
8
9         http://www.apache.org/licenses/LICENSE-2.0
10
11     Unless required by applicable law or agreed to in writing, software
12     distributed under the License is distributed on an "AS IS" BASIS,
13     WITHOUT WARRANTIES OR CONDITIONS OF ANY KIND, either express or implied.
14     See the License for the specific language governing permissions and
15     limitations under the License.
16-->
17<!--
18 The "package" attribute is rewritten by the Gradle build with the value of applicationId.
19     It is still required here, as it is used to derive paths, for instance when referring
20     to an Activity by ".MyActivity" instead of the full name. If more Activities are added to the
21     application, the package attribute will need to reflect the correct path in order to use
22     the abbreviated format.
23-->
24<manifest xmlns:android="http://schemas.android.com/apk/res/android"
25    package="app.web.zakir_tesbihat.twa"
26    android:versionCode="1"
27    android:versionName="1" >
28
29    <uses-sdk
30        android:minSdkVersion="21"
31        android:targetSdkVersion="35" />
32
33    <uses-permission android:name="android.permission.POST_NOTIFICATIONS" />
33-->src/main/AndroidManifest.xml:26:9-80
33-->src/main/AndroidManifest.xml:26:26-78
34
35    <queries>
35-->[com.google.androidbrowserhelper:androidbrowserhelper:2.6.2] AndroidManifest.xml:22:5-30:15
36        <intent>
36-->[com.google.androidbrowserhelper:androidbrowserhelper:2.6.2] AndroidManifest.xml:23:9-29:18
37            <action android:name="android.intent.action.VIEW" />
37-->src/main/AndroidManifest.xml:139:17-68
37-->src/main/AndroidManifest.xml:139:25-66
38
39            <category android:name="android.intent.category.BROWSABLE" />
39-->src/main/AndroidManifest.xml:141:17-77
39-->src/main/AndroidManifest.xml:141:27-75
40
41            <data android:scheme="https" />
41-->src/main/AndroidManifest.xml:142:17-145:19
41-->src/main/AndroidManifest.xml:142:23-45
42        </intent>
43    </queries>
44
45    <permission
45-->[androidx.core:core:1.13.0] AndroidManifest.xml:22:5-24:47
46        android:name="app.web.zakir_tesbihat.twa.DYNAMIC_RECEIVER_NOT_EXPORTED_PERMISSION"
46-->[androidx.core:core:1.13.0] AndroidManifest.xml:23:9-81
47        android:protectionLevel="signature" />
47-->[androidx.core:core:1.13.0] AndroidManifest.xml:24:9-44
48
49    <uses-permission android:name="app.web.zakir_tesbihat.twa.DYNAMIC_RECEIVER_NOT_EXPORTED_PERMISSION" />
49-->[androidx.core:core:1.13.0] AndroidManifest.xml:26:5-97
49-->[androidx.core:core:1.13.0] AndroidManifest.xml:26:22-94
50
51    <application
51-->src/main/AndroidManifest.xml:35:5-197:19
52        android:name="app.web.zakir_tesbihat.twa.Application"
52-->src/main/AndroidManifest.xml:36:9-35
53        android:allowBackup="true"
53-->src/main/AndroidManifest.xml:37:9-35
54        android:appComponentFactory="androidx.core.app.CoreComponentFactory"
54-->[androidx.core:core:1.13.0] AndroidManifest.xml:28:18-86
55        android:extractNativeLibs="true"
56        android:icon="@mipmap/ic_launcher"
56-->src/main/AndroidManifest.xml:38:9-43
57        android:label="@string/appName"
57-->src/main/AndroidManifest.xml:39:9-40
58        android:manageSpaceActivity="com.google.androidbrowserhelper.trusted.ManageDataLauncherActivity"
58-->src/main/AndroidManifest.xml:41:9-105
59        android:supportsRtl="true"
59-->src/main/AndroidManifest.xml:43:9-35
60        android:theme="@android:style/Theme.Translucent.NoTitleBar" >
60-->src/main/AndroidManifest.xml:44:9-68
61        <meta-data
61-->src/main/AndroidManifest.xml:46:9-48:58
62            android:name="asset_statements"
62-->src/main/AndroidManifest.xml:47:13-44
63            android:resource="@string/assetStatements" />
63-->src/main/AndroidManifest.xml:48:13-55
64        <meta-data
64-->src/main/AndroidManifest.xml:51:13-53:58
65            android:name="web_manifest_url"
65-->src/main/AndroidManifest.xml:52:17-48
66            android:value="@string/webManifestUrl" />
66-->src/main/AndroidManifest.xml:53:17-55
67        <meta-data
67-->src/main/AndroidManifest.xml:56:9-58:52
68            android:name="twa_generator"
68-->src/main/AndroidManifest.xml:57:13-41
69            android:value="@string/generatorApp" />
69-->src/main/AndroidManifest.xml:58:13-49
70
71        <activity android:name="com.google.androidbrowserhelper.trusted.ManageDataLauncherActivity" >
71-->src/main/AndroidManifest.xml:65:13-69:24
71-->src/main/AndroidManifest.xml:65:23-104
72            <meta-data
72-->src/main/AndroidManifest.xml:66:13-68:53
73                android:name="android.support.customtabs.trusted.MANAGE_SPACE_URL"
73-->src/main/AndroidManifest.xml:67:17-83
74                android:value="@string/launchUrl" />
74-->src/main/AndroidManifest.xml:68:17-50
75        </activity>
76        <activity
76-->src/main/AndroidManifest.xml:72:9-158:20
77            android:name="app.web.zakir_tesbihat.twa.LauncherActivity"
77-->src/main/AndroidManifest.xml:72:19-50
78            android:alwaysRetainTaskState="true"
78-->src/main/AndroidManifest.xml:73:13-49
79            android:exported="true"
79-->src/main/AndroidManifest.xml:75:13-36
80            android:label="@string/launcherName" >
80-->src/main/AndroidManifest.xml:74:13-49
81            <meta-data
81-->src/main/AndroidManifest.xml:76:13-77:53
82                android:name="android.support.customtabs.trusted.DEFAULT_URL"
82-->src/main/AndroidManifest.xml:76:24-85
83                android:value="@string/launchUrl" />
83-->src/main/AndroidManifest.xml:77:17-50
84            <meta-data
84-->src/main/AndroidManifest.xml:79:13-81:58
85                android:name="android.support.customtabs.trusted.STATUS_BAR_COLOR"
85-->src/main/AndroidManifest.xml:80:17-83
86                android:resource="@color/colorPrimary" />
86-->src/main/AndroidManifest.xml:81:17-55
87            <meta-data
87-->src/main/AndroidManifest.xml:85:13-87:62
88                android:name="android.support.customtabs.trusted.STATUS_BAR_COLOR_DARK"
88-->src/main/AndroidManifest.xml:86:17-88
89                android:resource="@color/colorPrimaryDark" />
89-->src/main/AndroidManifest.xml:87:17-59
90            <meta-data
90-->src/main/AndroidManifest.xml:89:13-91:61
91                android:name="android.support.customtabs.trusted.NAVIGATION_BAR_COLOR"
91-->src/main/AndroidManifest.xml:90:17-87
92                android:resource="@color/navigationColor" />
92-->src/main/AndroidManifest.xml:91:17-58
93            <meta-data
93-->src/main/AndroidManifest.xml:93:13-95:65
94                android:name="android.support.customtabs.trusted.NAVIGATION_BAR_COLOR_DARK"
94-->src/main/AndroidManifest.xml:94:17-92
95                android:resource="@color/navigationColorDark" />
95-->src/main/AndroidManifest.xml:95:17-62
96            <meta-data
96-->src/main/AndroidManifest.xml:97:13-99:68
97                android:name="androix.browser.trusted.NAVIGATION_BAR_DIVIDER_COLOR"
97-->src/main/AndroidManifest.xml:98:17-84
98                android:resource="@color/navigationDividerColor" />
98-->src/main/AndroidManifest.xml:99:17-65
99            <meta-data
99-->src/main/AndroidManifest.xml:101:13-103:72
100                android:name="androix.browser.trusted.NAVIGATION_BAR_DIVIDER_COLOR_DARK"
100-->src/main/AndroidManifest.xml:102:17-89
101                android:resource="@color/navigationDividerColorDark" />
101-->src/main/AndroidManifest.xml:103:17-69
102            <meta-data
102-->src/main/AndroidManifest.xml:105:13-106:54
103                android:name="android.support.customtabs.trusted.SPLASH_IMAGE_DRAWABLE"
103-->src/main/AndroidManifest.xml:105:24-95
104                android:resource="@drawable/splash" />
104-->src/main/AndroidManifest.xml:106:17-52
105            <meta-data
105-->src/main/AndroidManifest.xml:108:13-109:60
106                android:name="android.support.customtabs.trusted.SPLASH_SCREEN_BACKGROUND_COLOR"
106-->src/main/AndroidManifest.xml:108:24-104
107                android:resource="@color/backgroundColor" />
107-->src/main/AndroidManifest.xml:109:17-58
108            <meta-data
108-->src/main/AndroidManifest.xml:111:13-112:71
109                android:name="android.support.customtabs.trusted.SPLASH_SCREEN_FADE_OUT_DURATION"
109-->src/main/AndroidManifest.xml:111:24-105
110                android:value="@integer/splashScreenFadeOutDuration" />
110-->src/main/AndroidManifest.xml:112:17-69
111            <meta-data
111-->src/main/AndroidManifest.xml:114:13-115:60
112                android:name="android.support.customtabs.trusted.FILE_PROVIDER_AUTHORITY"
112-->src/main/AndroidManifest.xml:114:24-97
113                android:value="@string/providerAuthority" />
113-->src/main/AndroidManifest.xml:115:17-58
114            <meta-data
114-->src/main/AndroidManifest.xml:117:13-97
115                android:name="android.app.shortcuts"
115-->src/main/AndroidManifest.xml:117:24-60
116                android:resource="@xml/shortcuts" />
116-->src/main/AndroidManifest.xml:117:61-94
117            <meta-data
117-->src/main/AndroidManifest.xml:119:13-120:56
118                android:name="android.support.customtabs.trusted.FALLBACK_STRATEGY"
118-->src/main/AndroidManifest.xml:119:24-91
119                android:value="@string/fallbackType" />
119-->src/main/AndroidManifest.xml:120:17-53
120            <meta-data
120-->src/main/AndroidManifest.xml:126:13-127:54
121                android:name="android.support.customtabs.trusted.SCREEN_ORIENTATION"
121-->src/main/AndroidManifest.xml:126:24-92
122                android:value="@string/orientation" />
122-->src/main/AndroidManifest.xml:127:17-52
123
124            <intent-filter>
124-->src/main/AndroidManifest.xml:133:13-136:29
125                <action android:name="android.intent.action.MAIN" />
125-->src/main/AndroidManifest.xml:134:17-69
125-->src/main/AndroidManifest.xml:134:25-66
126
127                <category android:name="android.intent.category.LAUNCHER" />
127-->src/main/AndroidManifest.xml:135:17-77
127-->src/main/AndroidManifest.xml:135:27-74
128            </intent-filter>
129            <intent-filter android:autoVerify="true" >
129-->src/main/AndroidManifest.xml:138:13-146:29
129-->src/main/AndroidManifest.xml:138:28-53
130                <action android:name="android.intent.action.VIEW" />
130-->src/main/AndroidManifest.xml:139:17-68
130-->src/main/AndroidManifest.xml:139:25-66
131
132                <category android:name="android.intent.category.DEFAULT" />
132-->src/main/AndroidManifest.xml:140:17-76
132-->src/main/AndroidManifest.xml:140:27-73
133                <category android:name="android.intent.category.BROWSABLE" />
133-->src/main/AndroidManifest.xml:141:17-77
133-->src/main/AndroidManifest.xml:141:27-75
134
135                <data
135-->src/main/AndroidManifest.xml:142:17-145:19
136                    android:host="@string/hostName"
136-->src/main/AndroidManifest.xml:143:21-52
137                    android:scheme="https" />
137-->src/main/AndroidManifest.xml:142:23-45
138            </intent-filter>
139            <intent-filter>
139-->src/main/AndroidManifest.xml:151:17-156:27
140                <action android:name="android.intent.action.VIEW" />
140-->src/main/AndroidManifest.xml:139:17-68
140-->src/main/AndroidManifest.xml:139:25-66
141
142                <category android:name="android.intent.category.DEFAULT" />
142-->src/main/AndroidManifest.xml:140:17-76
142-->src/main/AndroidManifest.xml:140:27-73
143                <category android:name="android.intent.category.BROWSABLE" />
143-->src/main/AndroidManifest.xml:141:17-77
143-->src/main/AndroidManifest.xml:141:27-75
144
145                <data android:scheme="web+zakir" />
145-->src/main/AndroidManifest.xml:142:17-145:19
145-->src/main/AndroidManifest.xml:142:23-45
146            </intent-filter>
147        </activity>
148        <activity android:name="com.google.androidbrowserhelper.trusted.FocusActivity" />
148-->src/main/AndroidManifest.xml:160:9-90
148-->src/main/AndroidManifest.xml:160:19-87
149        <activity
149-->src/main/AndroidManifest.xml:162:9-163:62
150            android:name="com.google.androidbrowserhelper.trusted.WebViewFallbackActivity"
150-->src/main/AndroidManifest.xml:162:19-97
151            android:configChanges="orientation|screenSize" />
151-->src/main/AndroidManifest.xml:163:13-59
152
153        <provider
153-->src/main/AndroidManifest.xml:165:9-173:20
154            android:name="androidx.core.content.FileProvider"
154-->src/main/AndroidManifest.xml:166:13-62
155            android:authorities="@string/providerAuthority"
155-->src/main/AndroidManifest.xml:167:13-60
156            android:exported="false"
156-->src/main/AndroidManifest.xml:169:13-37
157            android:grantUriPermissions="true" >
157-->src/main/AndroidManifest.xml:168:13-47
158            <meta-data
158-->src/main/AndroidManifest.xml:170:13-172:53
159                android:name="android.support.FILE_PROVIDER_PATHS"
159-->src/main/AndroidManifest.xml:171:17-67
160                android:resource="@xml/filepaths" />
160-->src/main/AndroidManifest.xml:172:17-50
161        </provider>
162
163        <service
163-->src/main/AndroidManifest.xml:175:9-190:19
164            android:name="app.web.zakir_tesbihat.twa.DelegationService"
164-->src/main/AndroidManifest.xml:176:13-46
165            android:enabled="@bool/enableNotification"
165-->src/main/AndroidManifest.xml:177:13-55
166            android:exported="@bool/enableNotification" >
166-->src/main/AndroidManifest.xml:178:13-56
167            <meta-data
167-->src/main/AndroidManifest.xml:181:17-183:73
168                android:name="android.support.customtabs.trusted.SMALL_ICON"
168-->src/main/AndroidManifest.xml:182:21-81
169                android:resource="@drawable/ic_notification_icon" />
169-->src/main/AndroidManifest.xml:183:21-70
170
171            <intent-filter>
171-->src/main/AndroidManifest.xml:186:13-189:29
172                <action android:name="android.support.customtabs.trusted.TRUSTED_WEB_ACTIVITY_SERVICE" />
172-->src/main/AndroidManifest.xml:187:17-105
172-->src/main/AndroidManifest.xml:187:25-103
173
174                <category android:name="android.intent.category.DEFAULT" />
174-->src/main/AndroidManifest.xml:140:17-76
174-->src/main/AndroidManifest.xml:140:27-73
175            </intent-filter>
176        </service>
177
178        <activity android:name="com.google.androidbrowserhelper.trusted.NotificationPermissionRequestActivity" />
178-->src/main/AndroidManifest.xml:193:13-118
178-->src/main/AndroidManifest.xml:193:23-115
179
180        <provider
180-->[androidx.emoji2:emoji2:1.3.0] AndroidManifest.xml:24:9-32:20
181            android:name="androidx.startup.InitializationProvider"
181-->[androidx.emoji2:emoji2:1.3.0] AndroidManifest.xml:25:13-67
182            android:authorities="app.web.zakir_tesbihat.twa.androidx-startup"
182-->[androidx.emoji2:emoji2:1.3.0] AndroidManifest.xml:26:13-68
183            android:exported="false" >
183-->[androidx.emoji2:emoji2:1.3.0] AndroidManifest.xml:27:13-37
184            <meta-data
184-->[androidx.emoji2:emoji2:1.3.0] AndroidManifest.xml:29:13-31:52
185                android:name="androidx.emoji2.text.EmojiCompatInitializer"
185-->[androidx.emoji2:emoji2:1.3.0] AndroidManifest.xml:30:17-75
186                android:value="androidx.startup" />
186-->[androidx.emoji2:emoji2:1.3.0] AndroidManifest.xml:31:17-49
187            <meta-data
187-->[androidx.lifecycle:lifecycle-process:2.6.2] AndroidManifest.xml:29:13-31:52
188                android:name="androidx.lifecycle.ProcessLifecycleInitializer"
188-->[androidx.lifecycle:lifecycle-process:2.6.2] AndroidManifest.xml:30:17-78
189                android:value="androidx.startup" />
189-->[androidx.lifecycle:lifecycle-process:2.6.2] AndroidManifest.xml:31:17-49
190            <meta-data
190-->[androidx.profileinstaller:profileinstaller:1.3.1] AndroidManifest.xml:29:13-31:52
191                android:name="androidx.profileinstaller.ProfileInstallerInitializer"
191-->[androidx.profileinstaller:profileinstaller:1.3.1] AndroidManifest.xml:30:17-85
192                android:value="androidx.startup" />
192-->[androidx.profileinstaller:profileinstaller:1.3.1] AndroidManifest.xml:31:17-49
193        </provider>
194
195        <receiver
195-->[androidx.profileinstaller:profileinstaller:1.3.1] AndroidManifest.xml:34:9-52:20
196            android:name="androidx.profileinstaller.ProfileInstallReceiver"
196-->[androidx.profileinstaller:profileinstaller:1.3.1] AndroidManifest.xml:35:13-76
197            android:directBootAware="false"
197-->[androidx.profileinstaller:profileinstaller:1.3.1] AndroidManifest.xml:36:13-44
198            android:enabled="true"
198-->[androidx.profileinstaller:profileinstaller:1.3.1] AndroidManifest.xml:37:13-35
199            android:exported="true"
199-->[androidx.profileinstaller:profileinstaller:1.3.1] AndroidManifest.xml:38:13-36
200            android:permission="android.permission.DUMP" >
200-->[androidx.profileinstaller:profileinstaller:1.3.1] AndroidManifest.xml:39:13-57
201            <intent-filter>
201-->[androidx.profileinstaller:profileinstaller:1.3.1] AndroidManifest.xml:40:13-42:29
202                <action android:name="androidx.profileinstaller.action.INSTALL_PROFILE" />
202-->[androidx.profileinstaller:profileinstaller:1.3.1] AndroidManifest.xml:41:17-91
202-->[androidx.profileinstaller:profileinstaller:1.3.1] AndroidManifest.xml:41:25-88
203            </intent-filter>
204            <intent-filter>
204-->[androidx.profileinstaller:profileinstaller:1.3.1] AndroidManifest.xml:43:13-45:29
205                <action android:name="androidx.profileinstaller.action.SKIP_FILE" />
205-->[androidx.profileinstaller:profileinstaller:1.3.1] AndroidManifest.xml:44:17-85
205-->[androidx.profileinstaller:profileinstaller:1.3.1] AndroidManifest.xml:44:25-82
206            </intent-filter>
207            <intent-filter>
207-->[androidx.profileinstaller:profileinstaller:1.3.1] AndroidManifest.xml:46:13-48:29
208                <action android:name="androidx.profileinstaller.action.SAVE_PROFILE" />
208-->[androidx.profileinstaller:profileinstaller:1.3.1] AndroidManifest.xml:47:17-88
208-->[androidx.profileinstaller:profileinstaller:1.3.1] AndroidManifest.xml:47:25-85
209            </intent-filter>
210            <intent-filter>
210-->[androidx.profileinstaller:profileinstaller:1.3.1] AndroidManifest.xml:49:13-51:29
211                <action android:name="androidx.profileinstaller.action.BENCHMARK_OPERATION" />
211-->[androidx.profileinstaller:profileinstaller:1.3.1] AndroidManifest.xml:50:17-95
211-->[androidx.profileinstaller:profileinstaller:1.3.1] AndroidManifest.xml:50:25-92
212            </intent-filter>
213        </receiver>
214    </application>
215
216</manifest>